<?xml version="1.0" encoding="UTF-8"?>
<testng-results skipped="0" failed="0" total="1" passed="1">
  <reporter-output>
  </reporter-output>
  <suite name="Default suite" duration-ms="19457" started-at="2015-12-21T10:43:25Z" finished-at="2015-12-21T10:43:45Z">
    <groups>
    </groups>
    <test name="Default test" duration-ms="19457" started-at="2015-12-21T10:43:25Z" finished-at="2015-12-21T10:43:45Z">
      <class name="hrm.login">
        <test-method status="PASS" signature="LoginTest()[pri:0, instance:hrm.login@5a538af7]" name="LoginTest" duration-ms="19427" started-at="2015-12-21T16:13:25Z" finished-at="2015-12-21T16:13:45Z">
          <reporter-output>
          </reporter-output>
        </test-method> <!-- LoginTest -->
      </class> <!-- hrm.login -->
    </test> <!-- Default test -->
  </suite> <!-- Default suite -->
</testng-results>
